<?xml version="1.0" encoding="UTF-8"?>
<!-- Generated by org.testng.reporters.JUnitXMLReporter -->
<testsuite ignored="0" hostname="chinniraja" failures="0" tests="1" name="Default test" time="0.094" errors="0" timestamp="2021-02-14T06:42:21 EST">
  <testcase classname="utilities.baseRunner" name="@BeforeSuite setup_Fun" time="-1.613302941425E9">
    <failure type="org.testng.TestNGException" message="
Parameter &amp;apos;BTN&amp;apos; is required by BeforeSuite on method setup_Fun but has not been marked @Optional or defined
in C:\Users\Nag\AppData\Local\Temp\testng-eclipse-867637804\testng-customsuite.xml">
      <![CDATA[org.testng.TestNGException: 
Parameter 'BTN' is required by BeforeSuite on method setup_Fun but has not been marked @Optional or defined
in C:\Users\Nag\AppData\Local\Temp\testng-eclipse-867637804\testng-customsuite.xml
at org.testng.internal.Parameters.createParams(Parameters.java:268)
at org.testng.internal.Parameters.createParametersForMethod(Parameters.java:356)
at org.testng.internal.Parameters.createParameters(Parameters.java:700)
at org.testng.internal.Parameters.createConfigurationParameters(Parameters.java:166)
at org.testng.internal.ConfigInvoker.invokeConfigurations(ConfigInvoker.java:301)
at org.testng.SuiteRunner.privateRun(SuiteRunner.java:327)
at org.testng.SuiteRunner.run(SuiteRunner.java:286)
at org.testng.SuiteRunnerWorker.runSuite(SuiteRunnerWorker.java:53)
at org.testng.SuiteRunnerWorker.run(SuiteRunnerWorker.java:96)
at org.testng.TestNG.runSuitesSequentially(TestNG.java:1218)
at org.testng.TestNG.runSuitesLocally(TestNG.java:1140)
at org.testng.TestNG.runSuites(TestNG.java:1069)
at org.testng.TestNG.run(TestNG.java:1037)
at org.testng.remote.AbstractRemoteTestNG.run(AbstractRemoteTestNG.java:115)
at org.testng.remote.RemoteTestNG.initAndRun(RemoteTestNG.java:251)
at org.testng.remote.RemoteTestNG.main(RemoteTestNG.java:77)
]]>
    </failure>
  </testcase> <!-- @BeforeSuite setup_Fun -->
  <testcase classname="utilities.baseRunner" name="@BeforeTest Open_And_LaunchApp" time="-1.613302941452E9">
    <skipped/>
  </testcase> <!-- @BeforeTest Open_And_LaunchApp -->
  <testcase classname="utilities.baseRunner" name="@AfterTest TearDown" time="-1.613302941535E9">
    <skipped/>
  </testcase> <!-- @AfterTest TearDown -->
  <testcase classname="testScripts.newToursSignInValidation_Script" name="SignIn" time="0.0">
    <skipped/>
  </testcase> <!-- SignIn -->
</testsuite> <!-- Default test -->
